<?xml version="1.0" encoding="UTF-8"?>
<testsuites>
  <testsuite name="CodeIgniter Application Test Suite" tests="3" assertions="3" errors="0" failures="0" skipped="0" time="0.015600">
    <testsuite name="Welcome_test" file="C:\xampp\htdocs\MWash\application\tests\controllers\Welcome_test.php" tests="3" assertions="3" errors="0" failures="0" skipped="0" time="0.015600">
      <testcase name="test_index" class="Welcome_test" classname="Welcome_test" file="C:\xampp\htdocs\MWash\application\tests\controllers\Welcome_test.php" line="13" assertions="1" time="0.000000"/>
      <testcase name="test_method_404" class="Welcome_test" classname="Welcome_test" file="C:\xampp\htdocs\MWash\application\tests\controllers\Welcome_test.php" line="19" assertions="1" time="0.015600"/>
      <testcase name="test_APPPATH" class="Welcome_test" classname="Welcome_test" file="C:\xampp\htdocs\MWash\application\tests\controllers\Welcome_test.php" line="25" assertions="1" time="0.000000"/>
    </testsuite>
  </testsuite>
</testsuites>
